<?xml version='1.0' encoding='utf-8'?>
<!DOCTYPE coverage SYSTEM 'http://cobertura.sourceforge.net/xml/coverage-04.dtd'>
<coverage line-rate="0.34184138559708294" branch-rate="0.18855656697009102" lines-covered="375" lines-valid="1097" branches-covered="145" branches-valid="769" complexity="0.0" timestamp="1771075826" version="gcovr 8.6+main"><sources><source>/home/joachim/git/Joba_Esp32</source></sources><packages><package name=".pio.build.native.unity_config" line-rate="0.5" branch-rate="1.0" complexity="0.0"><classes><class name="unity_config_c" filename=".pio/build/native/unity_config/unity_config.c" line-rate="0.5" branch-rate="1.0" complexity="0.0"><methods><method name="setUp" signature="" line-rate="0.0" branch-rate="1.0" complexity="0.0"><lines><line number="17" hits="0" branch="false"/></lines></method><method name="tearDown" signature="" line-rate="0.0" branch-rate="1.0" complexity="0.0"><lines><line number="18" hits="0" branch="false"/></lines></method><method name="suiteSetUp" signature="" line-rate="0.0" branch-rate="1.0" complexity="0.0"><lines><line number="19" hits="0" branch="false"/></lines></method><method name="suiteTearDown" signature="" line-rate="0.0" branch-rate="1.0" complexity="0.0"><lines><line number="20" hits="0" branch="false"/></lines></method><method name="unityOutputStart" signature="" line-rate="1.0" branch-rate="1.0" complexity="0.0"><lines><line number="38" hits="4" branch="false"/></lines></method><method name="unityOutputChar" signature="" line-rate="1.0" branch-rate="1.0" complexity="0.0"><lines><line number="39" hits="1180" branch="false"/></lines></method><method name="unityOutputFlush" signature="" line-rate="1.0" branch-rate="1.0" complexity="0.0"><lines><line number="40" hits="14" branch="false"/></lines></method><method name="unityOutputComplete" signature="" line-rate="1.0" branch-rate="1.0" complexity="0.0"><lines><line number="41" hits="4" branch="false"/></lines></method></methods><lines><line number="17" hits="0" branch="false"/><line number="18" hits="0" branch="false"/><line number="19" hits="0" branch="false"/><line number="20" hits="0" branch="false"/><line number="38" hits="4" branch="false"/><line number="39" hits="1180" branch="false"/><line number="40" hits="14" branch="false"/><line number="41" hits="4" branch="false"/></lines></class></classes></package><package name=".pio.libdeps.native.Unity.src" line-rate="0.1358695652173913" branch-rate="0.07385229540918163" complexity="0.0"><classes><class name="unity_c" filename=".pio/libdeps/native/Unity/src/unity.c" line-rate="0.1358695652173913" branch-rate="0.07385229540918163" complexity="0.0"><methods><method name="UnityPrintChar" signature="" line-rate="0.3076923076923077" branch-rate="0.25" complexity="0.0"><lines><line number="78" hits="1092" branch="false"/><line number="81" hits="1092" branch="true" condition-coverage="50% (2/4)"><conditions><condition number="0" type="jump" coverage="50%"/></conditions></line><line number="83" hits="1092" branch="false"/><line number="86" hits="0" branch="true" condition-coverage="0% (0/2)"><conditions><condition number="0" type="jump" coverage="0%"/></conditions></line><line number="88" hits="0" branch="false"/><line number="89" hits="0" branch="false"/><line number="92" hits="0" branch="true" condition-coverage="0% (0/2)"><conditions><condition number="0" type="jump" coverage="0%"/></conditions></line><line number="94" hits="0" branch="false"/><line number="95" hits="0" branch="false"/><line number="100" hits="0" branch="false"/><line number="101" hits="0" branch="false"/><line number="102" hits="0" branch="false"/><line number="104" hits="1092" branch="false"/></lines></method><method name="UnityPrint" signature="" line-rate="1.0" branch-rate="0.75" complexity="0.0"><lines><line number="128" hits="50" branch="false"/><line number="130" hits="50" branch="false"/><line number="132" hits="50" branch="true" condition-coverage="50% (1/2)"><conditions><condition number="0" type="jump" coverage="50%"/></conditions></line><line number="134" hits="1142" branch="true" condition-coverage="100% (2/2)"><conditions><condition number="0" type="jump" coverage="100%"/></conditions></line><line number="144" hits="1092" branch="false"/><line number="145" hits="1092" branch="false"/><line number="148" hits="50" branch="false"/></lines></method><method name="UnityPrintLen" signature="" line-rate="0.0" branch-rate="0.0" complexity="0.0"><lines><line number="150" hits="0" branch="false"/><line number="152" hits="0" branch="false"/><line number="154" hits="0" branch="true" condition-coverage="0% (0/2)"><conditions><condition number="0" type="jump" coverage="0%"/></conditions></line><line number="156" hits="0" branch="true" condition-coverage="0% (0/4)"><conditions><condition number="0" type="jump" coverage="0%"/></conditions></line><line number="159" hits="0" branch="true" condition-coverage="0% (0/4)"><conditions><condition number="0" type="jump" coverage="0%"/></conditions></line><line number="161" hits="0" branch="false"/><line number="164" hits="0" branch="true" condition-coverage="0% (0/2)"><conditions><condition number="0" type="jump" coverage="0%"/></conditions></line><line number="166" hits="0" branch="false"/><line number="167" hits="0" branch="false"/><line number="170" hits="0" branch="true" condition-coverage="0% (0/2)"><conditions><condition number="0" type="jump" coverage="0%"/></conditions></line><line number="172" hits="0" branch="false"/><line number="173" hits="0" branch="false"/><line number="178" hits="0" branch="false"/><line number="179" hits="0" branch="false"/><line number="180" hits="0" branch="false"/><line number="182" hits="0" branch="false"/><line number="185" hits="0" branch="false"/></lines></method><method name="UnityPrintNumberByStyle" signature="" line-rate="0.0" branch-rate="0.0" complexity="0.0"><lines><line number="188" hits="0" branch="false"/><line number="190" hits="0" branch="true" condition-coverage="0% (0/2)"><conditions><condition number="0" type="jump" coverage="0%"/></conditions></line><line number="192" hits="0" branch="true" condition-coverage="0% (0/2)"><conditions><condition number="0" type="jump" coverage="0%"/></conditions></line><line number="195" hits="0" branch="false"/><line number="196" hits="0" branch="true" condition-coverage="0% (0/4)"><conditions><condition number="0" type="jump" coverage="0%"/></conditions></line><line number="198" hits="0" branch="false"/><line number="201" hits="0" branch="true" condition-coverage="0% (0/2)"><conditions><condition number="0" type="jump" coverage="0%"/></conditions></line><line number="203" hits="0" branch="false"/><line number="204" hits="0" branch="false"/><line number="207" hits="0" branch="true" condition-coverage="0% (0/2)"><conditions><condition number="0" type="jump" coverage="0%"/></conditions></line><line number="209" hits="0" branch="false"/><line number="210" hits="0" branch="false"/><line number="215" hits="0" branch="false"/><line number="216" hits="0" branch="false"/><line number="217" hits="0" branch="false"/><line number="219" hits="0" branch="false"/><line number="223" hits="0" branch="false"/><line number="226" hits="0" branch="true" condition-coverage="0% (0/2)"><conditions><condition number="0" type="jump" coverage="0%"/></conditions></line><line number="228" hits="0" branch="false"/><line number="232" hits="0" branch="false"/><line number="233" hits="0" branch="false"/><line number="234" hits="0" branch="false"/><line number="236" hits="0" branch="false"/></lines></method><method name="UnityPrintNumber" signature="" line-rate="0.7142857142857143" branch-rate="0.5" complexity="0.0"><lines><line number="239" hits="22" branch="false"/><line number="241" hits="22" branch="false"/><line number="243" hits="22" branch="true" condition-coverage="50% (1/2)"><conditions><condition number="0" type="jump" coverage="50%"/></conditions></line><line number="246" hits="0" branch="false"/><line number="247" hits="0" branch="false"/><line number="249" hits="22" branch="false"/><line number="250" hits="22" branch="false"/></lines></method><method name="UnityPrintNumberUnsigned" signature="" line-rate="1.0" branch-rate="1.0" complexity="0.0"><lines><line number="254" hits="22" branch="false"/><line number="256" hits="22" branch="false"/><line number="259" hits="32" branch="true" condition-coverage="100% (2/2)"><conditions><condition number="0" type="jump" coverage="100%"/></conditions></line><line number="261" hits="10" branch="false"/><line number="267" hits="32" branch="false"/><line number="268" hits="32" branch="false"/><line number="269" hits="32" branch="true" condition-coverage="100% (2/2)"><conditions><condition number="0" type="jump" coverage="100%"/></conditions></line><line number="270" hits="22" branch="false"/></lines></method><method name="UnityPrintNumberHex" signature="" line-rate="0.0" branch-rate="0.0" complexity="0.0"><lines><line number="273" hits="0" branch="false"/><line number="276" hits="0" branch="false"/><line number="278" hits="0" branch="true" condition-coverage="0% (0/2)"><conditions><condition number="0" type="jump" coverage="0%"/></conditions></line><line number="280" hits="0" branch="false"/><line number="283" hits="0" branch="true" condition-coverage="0% (0/2)"><conditions><condition number="0" type="jump" coverage="0%"/></conditions></line><line number="285" hits="0" branch="false"/><line number="286" hits="0" branch="false"/><line number="287" hits="0" branch="true" condition-coverage="0% (0/2)"><conditions><condition number="0" type="jump" coverage="0%"/></conditions></line><line number="289" hits="0" branch="false"/><line number="293" hits="0" branch="false"/><line number="296" hits="0" branch="false"/></lines></method><method name="UnityPrintMask" signature="" line-rate="0.0" branch-rate="0.0" complexity="0.0"><lines><line number="299" hits="0" branch="false"/><line number="301" hits="0" branch="false"/><line number="304" hits="0" branch="true" condition-coverage="0% (0/2)"><conditions><condition number="0" type="jump" coverage="0%"/></conditions></line><line number="306" hits="0" branch="true" condition-coverage="0% (0/2)"><conditions><condition number="0" type="jump" coverage="0%"/></conditions></line><line number="308" hits="0" branch="true" condition-coverage="0% (0/2)"><conditions><condition number="0" type="jump" coverage="0%"/></conditions></line><line number="310" hits="0" branch="false"/><line number="314" hits="0" branch="false"/><line number="319" hits="0" branch="false"/><line number="321" hits="0" branch="false"/><line number="323" hits="0" branch="false"/></lines></method><method name="UnityPrintFloat" signature="" line-rate="0.0" branch-rate="0.0" complexity="0.0"><lines><line number="334" hits="0" branch="false"/><line number="346" hits="0" branch="false"/><line number="349" hits="0" branch="true" condition-coverage="0% (0/2)"><conditions><condition number="0" type="jump" coverage="0%"/></conditions></line><line number="351" hits="0" branch="false"/><line number="352" hits="0" branch="false"/><line number="356" hits="0" branch="true" condition-coverage="0% (0/2)"><conditions><condition number="0" type="jump" coverage="0%"/></conditions></line><line number="358" hits="0" branch="false"/><line number="360" hits="0" branch="true" condition-coverage="0% (0/2)"><conditions><condition number="0" type="jump" coverage="0%"/></conditions></line><line number="362" hits="0" branch="false"/><line number="364" hits="0" branch="true" condition-coverage="0% (0/2)"><conditions><condition number="0" type="jump" coverage="0%"/></conditions></line><line number="366" hits="0" branch="false"/><line number="370" hits="0" branch="false"/><line number="372" hits="0" branch="false"/><line number="375" hits="0" branch="false"/><line number="384" hits="0" branch="true" condition-coverage="0% (0/2)"><conditions><condition number="0" type="jump" coverage="0%"/></conditions></line><line number="386" hits="0" branch="false"/><line number="388" hits="0" branch="true" condition-coverage="0% (0/2)"><conditions><condition number="0" type="jump" coverage="0%"/></conditions></line><line number="389" hits="0" branch="true" condition-coverage="0% (0/2)"><conditions><condition number="0" type="jump" coverage="0%"/></conditions></line><line number="391" hits="0" branch="false"/><line number="393" hits="0" branch="true" condition-coverage="0% (0/2)"><conditions><condition number="0" type="jump" coverage="0%"/></conditions></line><line number="395" hits="0" branch="false"/><line number="397" hits="0" branch="true" condition-coverage="0% (0/2)"><conditions><condition number="0" type="jump" coverage="0%"/></conditions></line><line number="398" hits="0" branch="true" condition-coverage="0% (0/2)"><conditions><condition number="0" type="jump" coverage="0%"/></conditions></line><line number="400" hits="0" branch="false"/><line number="409" hits="0" branch="false"/><line number="410" hits="0" branch="false"/><line number="411" hits="0" branch="false"/><line number="413" hits="0" branch="true" condition-coverage="0% (0/2)"><conditions><condition number="0" type="jump" coverage="0%"/></conditions></line><line number="415" hits="0" branch="false"/><line number="419" hits="0" branch="false"/><line number="423" hits="0" branch="true" condition-coverage="0% (0/4)"><conditions><condition number="0" type="jump" coverage="0%"/></conditions></line><line number="424" hits="0" branch="false"/><line number="427" hits="0" branch="false"/><line number="429" hits="0" branch="true" condition-coverage="0% (0/2)"><conditions><condition number="0" type="jump" coverage="0%"/></conditions></line><line number="431" hits="0" branch="false"/><line number="432" hits="0" branch="false"/><line number="436" hits="0" branch="true" condition-coverage="0% (0/4)"><conditions><condition number="0" type="jump" coverage="0%"/></conditions></line><line number="437" hits="0" branch="false"/><line number="440" hits="0" branch="true" condition-coverage="0% (0/4)"><conditions><condition number="0" type="jump" coverage="0%"/></conditions></line><line number="442" hits="0" branch="false"/><line number="443" hits="0" branch="false"/><line number="447" hits="0" branch="false"/><line number="448" hits="0" branch="true" condition-coverage="0% (0/4)"><conditions><condition number="0" type="jump" coverage="0%"/></conditions></line><line number="450" hits="0" branch="false"/><line number="451" hits="0" branch="false"/><line number="455" hits="0" branch="true" condition-coverage="0% (0/2)"><conditions><condition number="0" type="jump" coverage="0%"/></conditions></line><line number="457" hits="0" branch="true" condition-coverage="0% (0/2)"><conditions><condition number="0" type="jump" coverage="0%"/></conditions></line><line number="459" hits="0" branch="false"/><line number="461" hits="0" branch="false"/><line number="465" hits="0" branch="true" condition-coverage="0% (0/2)"><conditions><condition number="0" type="jump" coverage="0%"/></conditions></line><line number="467" hits="0" branch="false"/><line number="469" hits="0" branch="true" condition-coverage="0% (0/2)"><conditions><condition number="0" type="jump" coverage="0%"/></conditions></line><line number="471" hits="0" branch="false"/><line number="472" hits="0" branch="false"/><line number="476" hits="0" branch="false"/><line number="479" hits="0" branch="false"/><line number="480" hits="0" branch="true" condition-coverage="0% (0/4)"><conditions><condition number="0" type="jump" coverage="0%"/></conditions></line><line number="482" hits="0" branch="false"/><line number="483" hits="0" branch="false"/><line number="485" hits="0" branch="true" condition-coverage="0% (0/2)"><conditions><condition number="0" type="jump" coverage="0%"/></conditions></line><line number="487" hits="0" branch="false"/><line number="491" hits="0" branch="false"/></lines></method><method name="UnityTestResultsBegin" signature="" line-rate="1.0" branch-rate="1.0" complexity="0.0"><lines><line number="495" hits="10" branch="false"/><line number="526" hits="10" branch="false"/><line number="527" hits="10" branch="false"/><line number="528" hits="10" branch="false"/><line number="529" hits="10" branch="false"/><line number="530" hits="10" branch="false"/><line number="531" hits="10" branch="false"/><line number="535" hits="10" branch="false"/></lines></method><method name="UnityTestResultsFailBegin" signature="" line-rate="0.0" branch-rate="1.0" complexity="0.0"><lines><line number="538" hits="0" branch="false"/><line number="540" hits="0" branch="false"/><line number="541" hits="0" branch="false"/><line number="542" hits="0" branch="false"/><line number="543" hits="0" branch="false"/></lines></method><method name="UnityConcludeTest" signature="" line-rate="0.8333333333333334" branch-rate="0.5" complexity="0.0"><lines><line number="546" hits="10" branch="false"/><line number="548" hits="10" branch="true" condition-coverage="50% (1/2)"><conditions><condition number="0" type="jump" coverage="50%"/></conditions></line><line number="550" hits="0" branch="false"/><line number="552" hits="10" branch="true" condition-coverage="50% (1/2)"><conditions><condition number="0" type="jump" coverage="50%"/></conditions></line><line number="554" hits="10" branch="false"/><line number="555" hits="10" branch="false"/><line number="559" hits="0" branch="false"/><line number="562" hits="10" branch="false"/><line number="563" hits="10" branch="false"/><line number="565" hits="10" branch="false"/><line number="566" hits="10" branch="false"/><line number="567" hits="10" branch="false"/></lines></method><method name="UnityAddMsgIfSpecified" signature="" line-rate="0.0" branch-rate="0.0" complexity="0.0"><lines><line number="570" hits="0" branch="false"/><line number="577" hits="0" branch="true" condition-coverage="0% (0/2)"><conditions><condition number="0" type="jump" coverage="0%"/></conditions></line><line number="579" hits="0" branch="false"/><line number="580" hits="0" branch="false"/><line number="581" hits="0" branch="false"/><line number="582" hits="0" branch="true" condition-coverage="0% (0/2)"><conditions><condition number="0" type="jump" coverage="0%"/></conditions></line><line number="584" hits="0" branch="false"/><line number="585" hits="0" branch="false"/><line number="589" hits="0" branch="true" condition-coverage="0% (0/2)"><conditions><condition number="0" type="jump" coverage="0%"/></conditions></line><line number="591" hits="0" branch="false"/><line number="592" hits="0" branch="false"/><line number="594" hits="0" branch="false"/></lines></method><method name="UnityPrintExpectedAndActualStrings" signature="" line-rate="0.0" branch-rate="0.0" complexity="0.0"><lines><line number="597" hits="0" branch="false"/><line number="599" hits="0" branch="false"/><line number="600" hits="0" branch="true" condition-coverage="0% (0/2)"><conditions><condition number="0" type="jump" coverage="0%"/></conditions></line><line number="602" hits="0" branch="false"/><line number="603" hits="0" branch="false"/><line number="604" hits="0" branch="false"/><line number="608" hits="0" branch="false"/><line number="610" hits="0" branch="false"/><line number="611" hits="0" branch="true" condition-coverage="0% (0/2)"><conditions><condition number="0" type="jump" coverage="0%"/></conditions></line><line number="613" hits="0" branch="false"/><line number="614" hits="0" branch="false"/><line number="615" hits="0" branch="false"/><line number="619" hits="0" branch="false"/><line number="621" hits="0" branch="false"/></lines></method><method name="UnityPrintExpectedAndActualStringsLen" signature="" line-rate="0.0" branch-rate="0.0" complexity="0.0"><lines><line number="624" hits="0" branch="false"/><line number="628" hits="0" branch="false"/><line number="629" hits="0" branch="true" condition-coverage="0% (0/2)"><conditions><condition number="0" type="jump" coverage="0%"/></conditions></line><line number="631" hits="0" branch="false"/><line number="632" hits="0" branch="false"/><line number="633" hits="0" branch="false"/><line number="637" hits="0" branch="false"/><line number="639" hits="0" branch="false"/><line number="640" hits="0" branch="true" condition-coverage="0% (0/2)"><conditions><condition number="0" type="jump" coverage="0%"/></conditions></line><line number="642" hits="0" branch="false"/><line number="643" hits="0" branch="false"/><line number="644" hits="0" branch="false"/><line number="648" hits="0" branch="false"/><line number="650" hits="0" branch="false"/></lines></method><method name="UnityIsOneArrayNull" signature="" line-rate="0.0" branch-rate="0.0" complexity="0.0"><lines><line number="657" hits="0" branch="false"/><line number="663" hits="0" branch="true" condition-coverage="0% (0/2)"><conditions><condition number="0" type="jump" coverage="0%"/></conditions></line><line number="666" hits="0" branch="true" condition-coverage="0% (0/2)"><conditions><condition number="0" type="jump" coverage="0%"/></conditions></line><line number="668" hits="0" branch="false"/><line number="669" hits="0" branch="false"/><line number="670" hits="0" branch="false"/><line number="671" hits="0" branch="false"/><line number="675" hits="0" branch="true" condition-coverage="0% (0/2)"><conditions><condition number="0" type="jump" coverage="0%"/></conditions></line><line number="677" hits="0" branch="false"/><line number="678" hits="0" branch="false"/><line number="679" hits="0" branch="false"/><line number="680" hits="0" branch="false"/><line number="683" hits="0" branch="false"/></lines></method><method name="UnityAssertBits" signature="" line-rate="0.0" branch-rate="0.0" complexity="0.0"><lines><line number="691" hits="0" branch="false"/><line number="697" hits="0" branch="true" condition-coverage="0% (0/4)"><conditions><condition number="0" type="jump" coverage="0%"/></conditions></line><line number="699" hits="0" branch="true" condition-coverage="0% (0/2)"><conditions><condition number="0" type="jump" coverage="0%"/></conditions></line><line number="701" hits="0" branch="false"/><line number="702" hits="0" branch="false"/><line number="703" hits="0" branch="false"/><line number="704" hits="0" branch="false"/><line number="705" hits="0" branch="false"/><line number="706" hits="0" branch="false"/><line number="707" hits="0" branch="false"/><line number="709" hits="0" branch="false"/></lines></method><method name="UnityAssertEqualNumber" signature="" line-rate="0.36363636363636365" branch-rate="0.5" complexity="0.0"><lines><line number="712" hits="12" branch="false"/><line number="718" hits="12" branch="true" condition-coverage="50% (2/4)"><conditions><condition number="0" type="jump" coverage="50%"/></conditions></line><line number="720" hits="12" branch="true" condition-coverage="50% (1/2)"><conditions><condition number="0" type="jump" coverage="50%"/></conditions></line><line number="722" hits="0" branch="false"/><line number="723" hits="0" branch="false"/><line number="724" hits="0" branch="false"/><line number="725" hits="0" branch="false"/><line number="726" hits="0" branch="false"/><line number="727" hits="0" branch="false"/><line number="728" hits="0" branch="false"/><line number="730" hits="12" branch="false"/></lines></method><method name="UnityAssertGreaterOrLessOrEqualNumber" signature="" line-rate="0.0" branch-rate="0.0" complexity="0.0"><lines><line number="733" hits="0" branch="false"/><line number="740" hits="0" branch="false"/><line number="741" hits="0" branch="true" condition-coverage="0% (0/4)"><conditions><condition number="0" type="jump" coverage="0%"/></conditions></line><line number="743" hits="0" branch="true" condition-coverage="0% (0/4)"><conditions><condition number="0" type="jump" coverage="0%"/></conditions></line><line number="744" hits="0" branch="true" condition-coverage="0% (0/2)"><conditions><condition number="0" type="jump" coverage="0%"/></conditions></line><line number="746" hits="0" branch="true" condition-coverage="0% (0/2)"><conditions><condition number="0" type="jump" coverage="0%"/></conditions></line><line number="748" hits="0" branch="true" condition-coverage="0% (0/4)"><conditions><condition number="0" type="jump" coverage="0%"/></conditions></line><line number="749" hits="0" branch="true" condition-coverage="0% (0/4)"><conditions><condition number="0" type="jump" coverage="0%"/></conditions></line><line number="753" hits="0" branch="true" condition-coverage="0% (0/4)"><conditions><condition number="0" type="jump" coverage="0%"/></conditions></line><line number="754" hits="0" branch="true" condition-coverage="0% (0/4)"><conditions><condition number="0" type="jump" coverage="0%"/></conditions></line><line number="757" hits="0" branch="true" condition-coverage="0% (0/2)"><conditions><condition number="0" type="jump" coverage="0%"/></conditions></line><line number="759" hits="0" branch="false"/><line number="760" hits="0" branch="false"/><line number="761" hits="0" branch="false"/><line number="762" hits="0" branch="true" condition-coverage="0% (0/2)"><conditions><condition number="0" type="jump" coverage="0%"/></conditions></line><line number="763" hits="0" branch="true" condition-coverage="0% (0/2)"><conditions><condition number="0" type="jump" coverage="0%"/></conditions></line><line number="764" hits="0" branch="true" condition-coverage="0% (0/2)"><conditions><condition number="0" type="jump" coverage="0%"/></conditions></line><line number="765" hits="0" branch="true" condition-coverage="0% (0/2)"><conditions><condition number="0" type="jump" coverage="0%"/></conditions></line><line number="766" hits="0" branch="false"/><line number="767" hits="0" branch="false"/><line number="768" hits="0" branch="false"/></lines></method><method name="UnityAssertEqualIntArray" signature="" line-rate="0.0" branch-rate="0.0" complexity="0.0"><lines><line number="781" hits="0" branch="false"/><line number="789" hits="0" branch="false"/><line number="790" hits="0" branch="false"/><line number="791" hits="0" branch="false"/><line number="793" hits="0" branch="true" condition-coverage="0% (0/4)"><conditions><condition number="0" type="jump" coverage="0%"/></conditions></line><line number="795" hits="0" branch="true" condition-coverage="0% (0/2)"><conditions><condition number="0" type="jump" coverage="0%"/></conditions></line><line number="800" hits="0" branch="false"/><line number="804" hits="0" branch="true" condition-coverage="0% (0/2)"><conditions><condition number="0" type="jump" coverage="0%"/></conditions></line><line number="806" hits="0" branch="false"/><line number="809" hits="0" branch="true" condition-coverage="0% (0/2)"><conditions><condition number="0" type="jump" coverage="0%"/></conditions></line><line number="811" hits="0" branch="false"/><line number="814" hits="0" branch="true" condition-coverage="0% (0/4)"><conditions><condition number="0" type="jump" coverage="0%"/></conditions></line><line number="819" hits="0" branch="true" condition-coverage="0% (0/4)"><conditions><condition number="0" type="jump" coverage="0%"/></conditions></line><line number="821" hits="0" branch="false"/><line number="822" hits="0" branch="false"/><line number="823" hits="0" branch="false"/><line number="824" hits="0" branch="true" condition-coverage="0% (0/2)"><conditions><condition number="0" type="jump" coverage="0%"/></conditions></line><line number="826" hits="0" branch="false"/><line number="827" hits="0" branch="false"/><line number="829" hits="0" branch="false"/><line number="830" hits="0" branch="false"/><line number="832" hits="0" branch="false"/><line number="833" hits="0" branch="false"/><line number="834" hits="0" branch="false"/><line number="835" hits="0" branch="true" condition-coverage="0% (0/2)"><conditions><condition number="0" type="jump" coverage="0%"/></conditions></line><line number="837" hits="0" branch="false"/><line number="838" hits="0" branch="false"/><line number="840" hits="0" branch="false"/><line number="841" hits="0" branch="false"/><line number="844" hits="0" branch="false"/><line number="845" hits="0" branch="false"/><line number="846" hits="0" branch="false"/><line number="847" hits="0" branch="false"/><line number="848" hits="0" branch="false"/><line number="851" hits="0" branch="false"/><line number="853" hits="0" branch="false"/><line number="854" hits="0" branch="false"/><line number="856" hits="0" branch="true" condition-coverage="0% (0/2)"><conditions><condition number="0" type="jump" coverage="0%"/></conditions></line><line number="858" hits="0" branch="false"/><line number="859" hits="0" branch="false"/><line number="862" hits="0" branch="false"/><line number="863" hits="0" branch="false"/><line number="864" hits="0" branch="false"/><line number="867" hits="0" branch="true" condition-coverage="0% (0/2)"><conditions><condition number="0" type="jump" coverage="0%"/></conditions></line><line number="869" hits="0" branch="true" condition-coverage="0% (0/4)"><conditions><condition number="0" type="jump" coverage="0%"/></conditions></line><line number="871" hits="0" branch="false"/><line number="872" hits="0" branch="false"/><line number="873" hits="0" branch="false"/><line number="874" hits="0" branch="false"/><line number="876" hits="0" branch="false"/><line number="877" hits="0" branch="false"/><line number="878" hits="0" branch="false"/><line number="879" hits="0" branch="false"/><line number="880" hits="0" branch="false"/><line number="881" hits="0" branch="false"/><line number="882" hits="0" branch="false"/><line number="883" hits="0" branch="false"/><line number="884" hits="0" branch="false"/><line number="887" hits="0" branch="true" condition-coverage="0% (0/2)"><conditions><condition number="0" type="jump" coverage="0%"/></conditions></line><line number="889" hits="0" branch="false"/><line number="891" hits="0" branch="false"/></lines></method><method name="UnityFloatsWithin" signature="" line-rate="1.0" branch-rate="0.35" complexity="0.0"><lines><line number="926" hits="3" branch="false"/><line number="929" hits="3" branch="true" condition-coverage="35% (7/20)"><conditions><condition number="0" type="jump" coverage="35%"/></conditions></line></lines></method><method name="UnityAssertWithinFloatArray" signature="" line-rate="0.0" branch-rate="0.0" complexity="0.0"><lines><line number="933" hits="0" branch="false"/><line number="941" hits="0" branch="false"/><line number="942" hits="0" branch="false"/><line number="943" hits="0" branch="false"/><line number="944" hits="0" branch="false"/><line number="945" hits="0" branch="false"/><line number="947" hits="0" branch="true" condition-coverage="0% (0/4)"><conditions><condition number="0" type="jump" coverage="0%"/></conditions></line><line number="949" hits="0" branch="true" condition-coverage="0% (0/2)"><conditions><condition number="0" type="jump" coverage="0%"/></conditions></line><line number="954" hits="0" branch="false"/><line number="958" hits="0" branch="true" condition-coverage="0% (0/2)"><conditions><condition number="0" type="jump" coverage="0%"/></conditions></line><line number="960" hits="0" branch="false"/><line number="963" hits="0" branch="true" condition-coverage="0% (0/2)"><conditions><condition number="0" type="jump" coverage="0%"/></conditions></line><line number="966" hits="0" branch="false"/><line number="969" hits="0" branch="true" condition-coverage="0% (0/2)"><conditions><condition number="0" type="jump" coverage="0%"/></conditions></line><line number="971" hits="0" branch="false"/><line number="974" hits="0" branch="true" condition-coverage="0% (0/2)"><conditions><condition number="0" type="jump" coverage="0%"/></conditions></line><line number="976" hits="0" branch="false"/><line number="980" hits="0" branch="true" condition-coverage="0% (0/2)"><conditions><condition number="0" type="jump" coverage="0%"/></conditions></line><line number="982" hits="0" branch="false"/><line number="985" hits="0" branch="true" condition-coverage="0% (0/2)"><conditions><condition number="0" type="jump" coverage="0%"/></conditions></line><line number="987" hits="0" branch="false"/><line number="989" hits="0" branch="true" condition-coverage="0% (0/2)"><conditions><condition number="0" type="jump" coverage="0%"/></conditions></line><line number="992" hits="0" branch="false"/><line number="995" hits="0" branch="true" condition-coverage="0% (0/2)"><conditions><condition number="0" type="jump" coverage="0%"/></conditions></line><line number="997" hits="0" branch="false"/><line number="998" hits="0" branch="false"/><line number="999" hits="0" branch="false"/><line number="1000" hits="0" branch="false"/><line number="1001" hits="0" branch="false"/><line number="1002" hits="0" branch="false"/><line number="1004" hits="0" branch="true" condition-coverage="0% (0/2)"><conditions><condition number="0" type="jump" coverage="0%"/></conditions></line><line number="1006" hits="0" branch="false"/><line number="1008" hits="0" branch="false"/></lines></method><method name="UnityAssertFloatsWithin" signature="" line-rate="0.5" branch-rate="0.5" complexity="0.0"><lines><line number="1013" hits="3" branch="false"/><line number="1019" hits="3" branch="true" condition-coverage="50% (2/4)"><conditions><condition number="0" type="jump" coverage="50%"/></conditions></line><line number="1022" hits="3" branch="true" condition-coverage="50% (1/2)"><conditions><condition number="0" type="jump" coverage="50%"/></conditions></line><line number="1024" hits="0" branch="false"/><line number="1025" hits="0" branch="false"/><line number="1026" hits="0" branch="false"/><line number="1027" hits="0" branch="false"/><line number="1029" hits="3" branch="false"/></lines></method><method name="UnityAssertFloatsNotWithin" signature="" line-rate="0.0" branch-rate="0.0" complexity="0.0"><lines><line number="1032" hits="0" branch="false"/><line number="1038" hits="0" branch="true" condition-coverage="0% (0/4)"><conditions><condition number="0" type="jump" coverage="0%"/></conditions></line><line number="1040" hits="0" branch="true" condition-coverage="0% (0/2)"><conditions><condition number="0" type="jump" coverage="0%"/></conditions></line><line number="1042" hits="0" branch="false"/><line number="1043" hits="0" branch="false"/><line number="1044" hits="0" branch="false"/><line number="1045" hits="0" branch="false"/><line number="1046" hits="0" branch="false"/><line number="1047" hits="0" branch="false"/><line number="1048" hits="0" branch="false"/><line number="1050" hits="0" branch="false"/></lines></method><method name="UnityAssertGreaterOrLessFloat" signature="" line-rate="0.0" branch-rate="0.0" complexity="0.0"><lines><line number="1053" hits="0" branch="false"/><line number="1061" hits="0" branch="true" condition-coverage="0% (0/4)"><conditions><condition number="0" type="jump" coverage="0%"/></conditions></line><line number="1063" hits="0" branch="false"/><line number="1066" hits="0" branch="true" condition-coverage="0% (0/4)"><conditions><condition number="0" type="jump" coverage="0%"/></conditions></line><line number="1067" hits="0" branch="true" condition-coverage="0% (0/4)"><conditions><condition number="0" type="jump" coverage="0%"/></conditions></line><line number="1069" hits="0" branch="true" condition-coverage="0% (0/4)"><conditions><condition number="0" type="jump" coverage="0%"/></conditions></line><line number="1071" hits="0" branch="true" condition-coverage="0% (0/2)"><conditions><condition number="0" type="jump" coverage="0%"/></conditions></line><line number="1073" hits="0" branch="false"/><line number="1074" hits="0" branch="false"/><line number="1075" hits="0" branch="false"/><line number="1076" hits="0" branch="true" condition-coverage="0% (0/2)"><conditions><condition number="0" type="jump" coverage="0%"/></conditions></line><line number="1077" hits="0" branch="true" condition-coverage="0% (0/2)"><conditions><condition number="0" type="jump" coverage="0%"/></conditions></line><line number="1078" hits="0" branch="true" condition-coverage="0% (0/2)"><conditions><condition number="0" type="jump" coverage="0%"/></conditions></line><line number="1079" hits="0" branch="false"/><line number="1080" hits="0" branch="false"/><line number="1081" hits="0" branch="false"/><line number="1083" hits="0" branch="false"/></lines></method><method name="UnityAssertFloatSpecial" signature="" line-rate="0.0" branch-rate="0.0" complexity="0.0"><lines><line number="1086" hits="0" branch="false"/><line number="1091" hits="0" branch="false"/><line number="1092" hits="0" branch="false"/><line number="1093" hits="0" branch="false"/><line number="1094" hits="0" branch="false"/><line number="1096" hits="0" branch="true" condition-coverage="0% (0/4)"><conditions><condition number="0" type="jump" coverage="0%"/></conditions></line><line number="1098" hits="0" branch="true" condition-coverage="0% (0/5)"><conditions><condition number="0" type="jump" coverage="0%"/></conditions></line><line number="1100" hits="0" branch="false"/><line number="1102" hits="0" branch="true" condition-coverage="0% (0/4)"><conditions><condition number="0" type="jump" coverage="0%"/></conditions></line><line number="1103" hits="0" branch="false"/><line number="1104" hits="0" branch="false"/><line number="1106" hits="0" branch="true" condition-coverage="0% (0/4)"><conditions><condition number="0" type="jump" coverage="0%"/></conditions></line><line number="1107" hits="0" branch="false"/><line number="1109" hits="0" branch="false"/><line number="1111" hits="0" branch="false"/><line number="1112" hits="0" branch="false"/><line number="1114" hits="0" branch="false"/><line number="1116" hits="0" branch="true" condition-coverage="0% (0/4)"><conditions><condition number="0" type="jump" coverage="0%"/></conditions></line><line number="1117" hits="0" branch="false"/><line number="1119" hits="0" branch="false"/><line number="1121" hits="0" branch="false"/><line number="1122" hits="0" branch="false"/><line number="1123" hits="0" branch="false"/><line number="1126" hits="0" branch="true" condition-coverage="0% (0/2)"><conditions><condition number="0" type="jump" coverage="0%"/></conditions></line><line number="1128" hits="0" branch="false"/><line number="1129" hits="0" branch="false"/><line number="1130" hits="0" branch="true" condition-coverage="0% (0/2)"><conditions><condition number="0" type="jump" coverage="0%"/></conditions></line><line number="1132" hits="0" branch="false"/><line number="1134" hits="0" branch="false"/><line number="1135" hits="0" branch="false"/><line number="1137" hits="0" branch="false"/><line number="1145" hits="0" branch="false"/><line number="1146" hits="0" branch="false"/><line number="1148" hits="0" branch="false"/></lines></method><method name="UnityAssertNumbersWithin" signature="" line-rate="0.0" branch-rate="0.0" complexity="0.0"><lines><line number="1380" hits="0" branch="false"/><line number="1387" hits="0" branch="true" condition-coverage="0% (0/4)"><conditions><condition number="0" type="jump" coverage="0%"/></conditions></line><line number="1389" hits="0" branch="true" condition-coverage="0% (0/2)"><conditions><condition number="0" type="jump" coverage="0%"/></conditions></line><line number="1391" hits="0" branch="true" condition-coverage="0% (0/2)"><conditions><condition number="0" type="jump" coverage="0%"/></conditions></line><line number="1393" hits="0" branch="false"/><line number="1397" hits="0" branch="false"/><line number="1402" hits="0" branch="true" condition-coverage="0% (0/2)"><conditions><condition number="0" type="jump" coverage="0%"/></conditions></line><line number="1404" hits="0" branch="false"/><line number="1408" hits="0" branch="false"/><line number="1412" hits="0" branch="true" condition-coverage="0% (0/2)"><conditions><condition number="0" type="jump" coverage="0%"/></conditions></line><line number="1414" hits="0" branch="false"/><line number="1415" hits="0" branch="false"/><line number="1416" hits="0" branch="false"/><line number="1417" hits="0" branch="false"/><line number="1418" hits="0" branch="false"/><line number="1419" hits="0" branch="false"/><line number="1420" hits="0" branch="false"/><line number="1421" hits="0" branch="false"/><line number="1422" hits="0" branch="false"/><line number="1424" hits="0" branch="false"/></lines></method><method name="UnityAssertNumbersArrayWithin" signature="" line-rate="0.0" branch-rate="0.0" complexity="0.0"><lines><line number="1427" hits="0" branch="false"/><line number="1436" hits="0" branch="false"/><line number="1437" hits="0" branch="false"/><line number="1438" hits="0" branch="false"/><line number="1440" hits="0" branch="true" condition-coverage="0% (0/4)"><conditions><condition number="0" type="jump" coverage="0%"/></conditions></line><line number="1442" hits="0" branch="true" condition-coverage="0% (0/2)"><conditions><condition number="0" type="jump" coverage="0%"/></conditions></line><line number="1447" hits="0" branch="false"/><line number="1451" hits="0" branch="true" condition-coverage="0% (0/2)"><conditions><condition number="0" type="jump" coverage="0%"/></conditions></line><line number="1453" hits="0" branch="false"/><line number="1456" hits="0" branch="true" condition-coverage="0% (0/2)"><conditions><condition number="0" type="jump" coverage="0%"/></conditions></line><line number="1458" hits="0" branch="false"/><line number="1461" hits="0" branch="true" condition-coverage="0% (0/4)"><conditions><condition number="0" type="jump" coverage="0%"/></conditions></line><line number="1466" hits="0" branch="true" condition-coverage="0% (0/4)"><conditions><condition number="0" type="jump" coverage="0%"/></conditions></line><line number="1468" hits="0" branch="false"/><line number="1470" hits="0" branch="true" condition-coverage="0% (0/2)"><conditions><condition number="0" type="jump" coverage="0%"/></conditions></line><line number="1472" hits="0" branch="false"/><line number="1473" hits="0" branch="false"/><line number="1474" hits="0" branch="false"/><line number="1478" hits="0" branch="false"/><line number="1479" hits="0" branch="false"/><line number="1480" hits="0" branch="false"/><line number="1482" hits="0" branch="false"/><line number="1484" hits="0" branch="false"/><line number="1486" hits="0" branch="true" condition-coverage="0% (0/2)"><conditions><condition number="0" type="jump" coverage="0%"/></conditions></line><line number="1488" hits="0" branch="false"/><line number="1489" hits="0" branch="false"/><line number="1490" hits="0" branch="false"/><line number="1494" hits="0" branch="false"/><line number="1495" hits="0" branch="false"/><line number="1496" hits="0" branch="false"/><line number="1498" hits="0" branch="false"/><line number="1501" hits="0" branch="false"/><line number="1503" hits="0" branch="true" condition-coverage="0% (0/2)"><conditions><condition number="0" type="jump" coverage="0%"/></conditions></line><line number="1505" hits="0" branch="false"/><line number="1506" hits="0" branch="false"/><line number="1507" hits="0" branch="false"/><line number="1511" hits="0" branch="false"/><line number="1512" hits="0" branch="false"/><line number="1513" hits="0" branch="false"/><line number="1515" hits="0" branch="false"/><line number="1518" hits="0" branch="false"/><line number="1521" hits="0" branch="true" condition-coverage="0% (0/2)"><conditions><condition number="0" type="jump" coverage="0%"/></conditions></line><line number="1523" hits="0" branch="false"/><line number="1524" hits="0" branch="false"/><line number="1525" hits="0" branch="false"/><line number="1529" hits="0" branch="false"/><line number="1530" hits="0" branch="false"/><line number="1531" hits="0" branch="false"/><line number="1533" hits="0" branch="false"/><line number="1534" hits="0" branch="false"/><line number="1537" hits="0" branch="true" condition-coverage="0% (0/2)"><conditions><condition number="0" type="jump" coverage="0%"/></conditions></line><line number="1539" hits="0" branch="true" condition-coverage="0% (0/2)"><conditions><condition number="0" type="jump" coverage="0%"/></conditions></line><line number="1541" hits="0" branch="false"/><line number="1545" hits="0" branch="false"/><line number="1550" hits="0" branch="true" condition-coverage="0% (0/2)"><conditions><condition number="0" type="jump" coverage="0%"/></conditions></line><line number="1552" hits="0" branch="false"/><line number="1556" hits="0" branch="false"/><line number="1560" hits="0" branch="true" condition-coverage="0% (0/2)"><conditions><condition number="0" type="jump" coverage="0%"/></conditions></line><line number="1562" hits="0" branch="true" condition-coverage="0% (0/4)"><conditions><condition number="0" type="jump" coverage="0%"/></conditions></line><line number="1564" hits="0" branch="false"/><line number="1565" hits="0" branch="false"/><line number="1566" hits="0" branch="false"/><line number="1567" hits="0" branch="false"/><line number="1569" hits="0" branch="false"/><line number="1570" hits="0" branch="false"/><line number="1571" hits="0" branch="false"/><line number="1572" hits="0" branch="false"/><line number="1573" hits="0" branch="false"/><line number="1574" hits="0" branch="false"/><line number="1575" hits="0" branch="false"/><line number="1576" hits="0" branch="false"/><line number="1577" hits="0" branch="false"/><line number="1578" hits="0" branch="false"/><line number="1579" hits="0" branch="false"/><line number="1582" hits="0" branch="true" condition-coverage="0% (0/2)"><conditions><condition number="0" type="jump" coverage="0%"/></conditions></line><line number="1584" hits="0" branch="false"/><line number="1586" hits="0" branch="false"/></lines></method><method name="UnityAssertEqualString" signature="" line-rate="0.4666666666666667" branch-rate="0.45" complexity="0.0"><lines><line number="1591" hits="1" branch="false"/><line number="1598" hits="1" branch="true" condition-coverage="50% (2/4)"><conditions><condition number="0" type="jump" coverage="50%"/></conditions></line><line number="1601" hits="1" branch="true" condition-coverage="50% (2/4)"><conditions><condition number="0" type="jump" coverage="50%"/></conditions></line><line number="1603" hits="9" branch="true" condition-coverage="75% (3/4)"><conditions><condition number="0" type="jump" coverage="75%"/></conditions></line><line number="1605" hits="8" branch="true" condition-coverage="50% (1/2)"><conditions><condition number="0" type="jump" coverage="50%"/></conditions></line><line number="1607" hits="0" branch="false"/><line number="1608" hits="0" branch="false"/><line number="1614" hits="0" branch="true" condition-coverage="0% (0/4)"><conditions><condition number="0" type="jump" coverage="0%"/></conditions></line><line number="1616" hits="0" branch="false"/><line number="1620" hits="1" branch="true" condition-coverage="50% (1/2)"><conditions><condition number="0" type="jump" coverage="50%"/></conditions></line><line number="1622" hits="0" branch="false"/><line number="1623" hits="0" branch="false"/><line number="1624" hits="0" branch="false"/><line number="1625" hits="0" branch="false"/><line number="1627" hits="1" branch="false"/></lines></method><method name="UnityAssertEqualStringLen" signature="" line-rate="0.0" branch-rate="0.0" complexity="0.0"><lines><line number="1630" hits="0" branch="false"/><line number="1638" hits="0" branch="true" condition-coverage="0% (0/4)"><conditions><condition number="0" type="jump" coverage="0%"/></conditions></line><line number="1641" hits="0" branch="true" condition-coverage="0% (0/4)"><conditions><condition number="0" type="jump" coverage="0%"/></conditions></line><line number="1643" hits="0" branch="true" condition-coverage="0% (0/6)"><conditions><condition number="0" type="jump" coverage="0%"/></conditions></line><line number="1645" hits="0" branch="true" condition-coverage="0% (0/2)"><conditions><condition number="0" type="jump" coverage="0%"/></conditions></line><line number="1647" hits="0" branch="false"/><line number="1648" hits="0" branch="false"/><line number="1654" hits="0" branch="true" condition-coverage="0% (0/4)"><conditions><condition number="0" type="jump" coverage="0%"/></conditions></line><line number="1656" hits="0" branch="false"/><line number="1660" hits="0" branch="true" condition-coverage="0% (0/2)"><conditions><condition number="0" type="jump" coverage="0%"/></conditions></line><line number="1662" hits="0" branch="false"/><line number="1663" hits="0" branch="false"/><line number="1664" hits="0" branch="false"/><line number="1665" hits="0" branch="false"/><line number="1667" hits="0" branch="false"/></lines></method><method name="UnityAssertEqualStringArray" signature="" line-rate="0.0" branch-rate="0.0" complexity="0.0"><lines><line number="1670" hits="0" branch="false"/><line number="1677" hits="0" branch="false"/><line number="1678" hits="0" branch="false"/><line number="1679" hits="0" branch="false"/><line number="1680" hits="0" branch="false"/><line number="1682" hits="0" branch="true" condition-coverage="0% (0/4)"><conditions><condition number="0" type="jump" coverage="0%"/></conditions></line><line number="1685" hits="0" branch="true" condition-coverage="0% (0/2)"><conditions><condition number="0" type="jump" coverage="0%"/></conditions></line><line number="1690" hits="0" branch="false"/><line number="1694" hits="0" branch="true" condition-coverage="0% (0/2)"><conditions><condition number="0" type="jump" coverage="0%"/></conditions></line><line number="1696" hits="0" branch="false"/><line number="1699" hits="0" branch="true" condition-coverage="0% (0/2)"><conditions><condition number="0" type="jump" coverage="0%"/></conditions></line><line number="1701" hits="0" branch="false"/><line number="1704" hits="0" branch="true" condition-coverage="0% (0/2)"><conditions><condition number="0" type="jump" coverage="0%"/></conditions></line><line number="1706" hits="0" branch="false"/><line number="1711" hits="0" branch="false"/><line number="1712" hits="0" branch="true" condition-coverage="0% (0/2)"><conditions><condition number="0" type="jump" coverage="0%"/></conditions></line><line number="1714" hits="0" branch="false"/><line number="1718" hits="0" branch="true" condition-coverage="0% (0/4)"><conditions><condition number="0" type="jump" coverage="0%"/></conditions></line><line number="1720" hits="0" branch="true" condition-coverage="0% (0/4)"><conditions><condition number="0" type="jump" coverage="0%"/></conditions></line><line number="1722" hits="0" branch="true" condition-coverage="0% (0/2)"><conditions><condition number="0" type="jump" coverage="0%"/></conditions></line><line number="1724" hits="0" branch="false"/><line number="1725" hits="0" branch="false"/><line number="1731" hits="0" branch="true" condition-coverage="0% (0/2)"><conditions><condition number="0" type="jump" coverage="0%"/></conditions></line><line number="1733" hits="0" branch="false"/><line number="1737" hits="0" branch="true" condition-coverage="0% (0/2)"><conditions><condition number="0" type="jump" coverage="0%"/></conditions></line><line number="1739" hits="0" branch="false"/><line number="1740" hits="0" branch="true" condition-coverage="0% (0/2)"><conditions><condition number="0" type="jump" coverage="0%"/></conditions></line><line number="1742" hits="0" branch="false"/><line number="1743" hits="0" branch="false"/><line number="1745" hits="0" branch="false"/><line number="1746" hits="0" branch="false"/><line number="1747" hits="0" branch="false"/><line number="1749" hits="0" branch="true" condition-coverage="0% (0/2)"><conditions><condition number="0" type="jump" coverage="0%"/></conditions></line></lines></method><method name="UnityAssertEqualMemory" signature="" line-rate="0.0" branch-rate="0.0" complexity="0.0"><lines><line number="1753" hits="0" branch="false"/><line number="1761" hits="0" branch="false"/><line number="1762" hits="0" branch="false"/><line number="1763" hits="0" branch="false"/><line number="1766" hits="0" branch="true" condition-coverage="0% (0/4)"><conditions><condition number="0" type="jump" coverage="0%"/></conditions></line><line number="1768" hits="0" branch="true" condition-coverage="0% (0/2)"><conditions><condition number="0" type="jump" coverage="0%"/></conditions></line><line number="1773" hits="0" branch="false"/><line number="1776" hits="0" branch="true" condition-coverage="0% (0/2)"><conditions><condition number="0" type="jump" coverage="0%"/></conditions></line><line number="1778" hits="0" branch="false"/><line number="1781" hits="0" branch="true" condition-coverage="0% (0/2)"><conditions><condition number="0" type="jump" coverage="0%"/></conditions></line><line number="1783" hits="0" branch="false"/><line number="1786" hits="0" branch="true" condition-coverage="0% (0/2)"><conditions><condition number="0" type="jump" coverage="0%"/></conditions></line><line number="1788" hits="0" branch="false"/><line number="1791" hits="0" branch="true" condition-coverage="0% (0/2)"><conditions><condition number="0" type="jump" coverage="0%"/></conditions></line><line number="1793" hits="0" branch="false"/><line number="1794" hits="0" branch="true" condition-coverage="0% (0/2)"><conditions><condition number="0" type="jump" coverage="0%"/></conditions></line><line number="1796" hits="0" branch="true" condition-coverage="0% (0/2)"><conditions><condition number="0" type="jump" coverage="0%"/></conditions></line><line number="1798" hits="0" branch="false"/><line number="1799" hits="0" branch="false"/><line number="1800" hits="0" branch="true" condition-coverage="0% (0/2)"><conditions><condition number="0" type="jump" coverage="0%"/></conditions></line><line number="1802" hits="0" branch="false"/><line number="1803" hits="0" branch="false"/><line number="1805" hits="0" branch="false"/><line number="1806" hits="0" branch="false"/><line number="1807" hits="0" branch="false"/><line number="1808" hits="0" branch="false"/><line number="1809" hits="0" branch="false"/><line number="1810" hits="0" branch="false"/><line number="1811" hits="0" branch="false"/><line number="1812" hits="0" branch="false"/><line number="1814" hits="0" branch="false"/><line number="1815" hits="0" branch="false"/><line number="1817" hits="0" branch="true" condition-coverage="0% (0/2)"><conditions><condition number="0" type="jump" coverage="0%"/></conditions></line><line number="1819" hits="0" branch="false"/></lines></method><method name="UnityNumToPtr" signature="" line-rate="0.0" branch-rate="0.0" complexity="0.0"><lines><line number="1842" hits="0" branch="false"/><line number="1844" hits="0" branch="true" condition-coverage="0% (0/4)"><conditions><condition number="0" type="jump" coverage="0%"/></conditions></line><line number="1846" hits="0" branch="false"/><line number="1847" hits="0" branch="false"/><line number="1848" hits="0" branch="false"/><line number="1850" hits="0" branch="false"/><line number="1851" hits="0" branch="false"/><line number="1852" hits="0" branch="false"/><line number="1855" hits="0" branch="false"/><line number="1856" hits="0" branch="false"/><line number="1857" hits="0" branch="false"/><line number="1860" hits="0" branch="false"/><line number="1861" hits="0" branch="false"/><line number="1862" hits="0" branch="false"/></lines></method><method name="UnityFloatToPtr" signature="" line-rate="0.0" branch-rate="1.0" complexity="0.0"><lines><line number="1868" hits="0" branch="false"/><line number="1870" hits="0" branch="false"/><line number="1871" hits="0" branch="false"/></lines></method><method name="UnityFail" signature="" line-rate="0.0" branch-rate="0.0" complexity="0.0"><lines><line number="2124" hits="0" branch="false"/><line number="2126" hits="0" branch="true" condition-coverage="0% (0/4)"><conditions><condition number="0" type="jump" coverage="0%"/></conditions></line><line number="2128" hits="0" branch="false"/><line number="2129" hits="0" branch="false"/><line number="2130" hits="0" branch="true" condition-coverage="0% (0/2)"><conditions><condition number="0" type="jump" coverage="0%"/></conditions></line><line number="2132" hits="0" branch="false"/><line number="2138" hits="0" branch="true" condition-coverage="0% (0/2)"><conditions><condition number="0" type="jump" coverage="0%"/></conditions></line><line number="2140" hits="0" branch="false"/><line number="2141" hits="0" branch="false"/><line number="2142" hits="0" branch="true" condition-coverage="0% (0/2)"><conditions><condition number="0" type="jump" coverage="0%"/></conditions></line><line number="2144" hits="0" branch="false"/><line number="2145" hits="0" branch="false"/><line number="2147" hits="0" branch="false"/><line number="2150" hits="0" branch="true" condition-coverage="0% (0/2)"><conditions><condition number="0" type="jump" coverage="0%"/></conditions></line><line number="2152" hits="0" branch="false"/><line number="2154" hits="0" branch="false"/><line number="2157" hits="0" branch="false"/></lines></method><method name="UnityIgnore" signature="" line-rate="0.0" branch-rate="0.0" complexity="0.0"><lines><line number="2161" hits="0" branch="false"/><line number="2163" hits="0" branch="true" condition-coverage="0% (0/4)"><conditions><condition number="0" type="jump" coverage="0%"/></conditions></line><line number="2165" hits="0" branch="false"/><line number="2166" hits="0" branch="false"/><line number="2167" hits="0" branch="true" condition-coverage="0% (0/2)"><conditions><condition number="0" type="jump" coverage="0%"/></conditions></line><line number="2169" hits="0" branch="false"/><line number="2170" hits="0" branch="false"/><line number="2171" hits="0" branch="false"/><line number="2173" hits="0" branch="false"/></lines></method><method name="UnityMessage" signature="" line-rate="0.0" branch-rate="0.0" complexity="0.0"><lines><line number="2177" hits="0" branch="false"/><line number="2179" hits="0" branch="false"/><line number="2180" hits="0" branch="false"/><line number="2181" hits="0" branch="true" condition-coverage="0% (0/2)"><conditions><condition number="0" type="jump" coverage="0%"/></conditions></line><line number="2183" hits="0" branch="false"/><line number="2184" hits="0" branch="false"/><line number="2185" hits="0" branch="false"/><line number="2187" hits="0" branch="false"/><line number="2188" hits="0" branch="false"/></lines></method><method name="UnityDefaultTestRun" signature="" line-rate="1.0" branch-rate="0.5" complexity="0.0"><lines><line number="2193" hits="10" branch="false"/><line number="2195" hits="10" branch="false"/><line number="2196" hits="10" branch="false"/><line number="2197" hits="10" branch="false"/><line number="2198" hits="10" branch="false"/><line number="2200" hits="10" branch="true" condition-coverage="50% (1/2)"><conditions><condition number="0" type="jump" coverage="50%"/></conditions></line><line number="2202" hits="10" branch="false"/><line number="2203" hits="10" branch="false"/><line number="2205" hits="10" branch="true" condition-coverage="50% (1/2)"><conditions><condition number="0" type="jump" coverage="50%"/></conditions></line><line number="2207" hits="10" branch="false"/><line number="2210" hits="10" branch="false"/><line number="2211" hits="10" branch="false"/></lines></method><method name="UnitySetTestFile" signature="" line-rate="0.0" branch-rate="1.0" complexity="0.0"><lines><line number="2215" hits="0" branch="false"/><line number="2217" hits="0" branch="false"/><line number="2218" hits="0" branch="false"/></lines></method><method name="UnityBegin" signature="" line-rate="1.0" branch-rate="1.0" complexity="0.0"><lines><line number="2221" hits="4" branch="false"/><line number="2223" hits="4" branch="false"/><line number="2224" hits="4" branch="false"/><line number="2225" hits="4" branch="false"/><line number="2226" hits="4" branch="false"/><line number="2227" hits="4" branch="false"/><line number="2228" hits="4" branch="false"/><line number="2229" hits="4" branch="false"/><line number="2230" hits="4" branch="false"/><line number="2232" hits="4" branch="false"/><line number="2233" hits="4" branch="false"/><line number="2234" hits="4" branch="false"/></lines></method><method name="UnityEnd" signature="" line-rate="0.9444444444444444" branch-rate="0.5" complexity="0.0"><lines><line number="2237" hits="4" branch="false"/><line number="2239" hits="4" branch="false"/><line number="2240" hits="4" branch="false"/><line number="2241" hits="4" branch="false"/><line number="2242" hits="4" branch="false"/><line number="2243" hits="4" branch="false"/><line number="2244" hits="4" branch="false"/><line number="2245" hits="4" branch="false"/><line number="2246" hits="4" branch="false"/><line number="2247" hits="4" branch="false"/><line number="2248" hits="4" branch="false"/><line number="2249" hits="4" branch="true" condition-coverage="50% (1/2)"><conditions><condition number="0" type="jump" coverage="50%"/></conditions></line><line number="2251" hits="4" branch="false"/><line number="2255" hits="0" branch="false"/><line number="2260" hits="4" branch="false"/><line number="2261" hits="4" branch="false"/><line number="2262" hits="4" branch="false"/><line number="2263" hits="4" branch="false"/></lines></method></methods><lines><line number="78" hits="1092" branch="false"/><line number="81" hits="1092" branch="true" condition-coverage="50% (2/4)"><conditions><condition number="0" type="jump" coverage="50%"/></conditions></line><line number="83" hits="1092" branch="false"/><line number="86" hits="0" branch="true" condition-coverage="0% (0/2)"><conditions><condition number="0" type="jump" coverage="0%"/></conditions></line><line number="88" hits="0" branch="false"/><line number="89" hits="0" branch="false"/><line number="92" hits="0" branch="true" condition-coverage="0% (0/2)"><conditions><condition number="0" type="jump" coverage="0%"/></conditions></line><line number="94" hits="0" branch="false"/><line number="95" hits="0" branch="false"/><line number="100" hits="0" branch="false"/><line number="101" hits="0" branch="false"/><line number="102" hits="0" branch="false"/><line number="104" hits="1092" branch="false"/><line number="128" hits="50" branch="false"/><line number="130" hits="50" branch="false"/><line number="132" hits="50" branch="true" condition-coverage="50% (1/2)"><conditions><condition number="0" type="jump" coverage="50%"/></conditions></line><line number="134" hits="1142" branch="true" condition-coverage="100% (2/2)"><conditions><condition number="0" type="jump" coverage="100%"/></conditions></line><line number="144" hits="1092" branch="false"/><line number="145" hits="1092" branch="false"/><line number="148" hits="50" branch="false"/><line number="150" hits="0" branch="false"/><line number="152" hits="0" branch="false"/><line number="154" hits="0" branch="true" condition-coverage="0% (0/2)"><conditions><condition number="0" type="jump" coverage="0%"/></conditions></line><line number="156" hits="0" branch="true" condition-coverage="0% (0/4)"><conditions><condition number="0" type="jump" coverage="0%"/></conditions></line><line number="159" hits="0" branch="true" condition-coverage="0% (0/4)"><conditions><condition number="0" type="jump" coverage="0%"/></conditions></line><line number="161" hits="0" branch="false"/><line number="164" hits="0" branch="true" condition-coverage="0% (0/2)"><conditions><condition number="0" type="jump" coverage="0%"/></conditions></line><line number="166" hits="0" branch="false"/><line number="167" hits="0" branch="false"/><line number="170" hits="0" branch="true" condition-coverage="0% (0/2)"><conditions><condition number="0" type="jump" coverage="0%"/></conditions></line><line number="172" hits="0" branch="false"/><line number="173" hits="0" branch="false"/><line number="178" hits="0" branch="false"/><line number="179" hits="0" branch="false"/><line number="180" hits="0" branch="false"/><line number="182" hits="0" branch="false"/><line number="185" hits="0" branch="false"/><line number="188" hits="0" branch="false"/><line number="190" hits="0" branch="true" condition-coverage="0% (0/2)"><conditions><condition number="0" type="jump" coverage="0%"/></conditions></line><line number="192" hits="0" branch="true" condition-coverage="0% (0/2)"><conditions><condition number="0" type="jump" coverage="0%"/></conditions></line><line number="195" hits="0" branch="false"/><line number="196" hits="0" branch="true" condition-coverage="0% (0/4)"><conditions><condition number="0" type="jump" coverage="0%"/></conditions></line><line number="198" hits="0" branch="false"/><line number="201" hits="0" branch="true" condition-coverage="0% (0/2)"><conditions><condition number="0" type="jump" coverage="0%"/></conditions></line><line number="203" hits="0" branch="false"/><line number="204" hits="0" branch="false"/><line number="207" hits="0" branch="true" condition-coverage="0% (0/2)"><conditions><condition number="0" type="jump" coverage="0%"/></conditions></line><line number="209" hits="0" branch="false"/><line number="210" hits="0" branch="false"/><line number="215" hits="0" branch="false"/><line number="216" hits="0" branch="false"/><line number="217" hits="0" branch="false"/><line number="219" hits="0" branch="false"/><line number="223" hits="0" branch="false"/><line number="226" hits="0" branch="true" condition-coverage="0% (0/2)"><conditions><condition number="0" type="jump" coverage="0%"/></conditions></line><line number="228" hits="0" branch="false"/><line number="232" hits="0" branch="false"/><line number="233" hits="0" branch="false"/><line number="234" hits="0" branch="false"/><line number="236" hits="0" branch="false"/><line number="239" hits="22" branch="false"/><line number="241" hits="22" branch="false"/><line number="243" hits="22" branch="true" condition-coverage="50% (1/2)"><conditions><condition number="0" type="jump" coverage="50%"/></conditions></line><line number="246" hits="0" branch="false"/><line number="247" hits="0" branch="false"/><line number="249" hits="22" branch="false"/><line number="250" hits="22" branch="false"/><line number="254" hits="22" branch="false"/><line number="256" hits="22" branch="false"/><line number="259" hits="32" branch="true" condition-coverage="100% (2/2)"><conditions><condition number="0" type="jump" coverage="100%"/></conditions></line><line number="261" hits="10" branch="false"/><line number="267" hits="32" branch="false"/><line number="268" hits="32" branch="false"/><line number="269" hits="32" branch="true" condition-coverage="100% (2/2)"><conditions><condition number="0" type="jump" coverage="100%"/></conditions></line><line number="270" hits="22" branch="false"/><line number="273" hits="0" branch="false"/><line number="276" hits="0" branch="false"/><line number="278" hits="0" branch="true" condition-coverage="0% (0/2)"><conditions><condition number="0" type="jump" coverage="0%"/></conditions></line><line number="280" hits="0" branch="false"/><line number="283" hits="0" branch="true" condition-coverage="0% (0/2)"><conditions><condition number="0" type="jump" coverage="0%"/></conditions></line><line number="285" hits="0" branch="false"/><line number="286" hits="0" branch="false"/><line number="287" hits="0" branch="true" condition-coverage="0% (0/2)"><conditions><condition number="0" type="jump" coverage="0%"/></conditions></line><line number="289" hits="0" branch="false"/><line number="293" hits="0" branch="false"/><line number="296" hits="0" branch="false"/><line number="299" hits="0" branch="false"/><line number="301" hits="0" branch="false"/><line number="304" hits="0" branch="true" condition-coverage="0% (0/2)"><conditions><condition number="0" type="jump" coverage="0%"/></conditions></line><line number="306" hits="0" branch="true" condition-coverage="0% (0/2)"><conditions><condition number="0" type="jump" coverage="0%"/></conditions></line><line number="308" hits="0" branch="true" condition-coverage="0% (0/2)"><conditions><condition number="0" type="jump" coverage="0%"/></conditions></line><line number="310" hits="0" branch="false"/><line number="314" hits="0" branch="false"/><line number="319" hits="0" branch="false"/><line number="321" hits="0" branch="false"/><line number="323" hits="0" branch="false"/><line number="334" hits="0" branch="false"/><line number="346" hits="0" branch="false"/><line number="349" hits="0" branch="true" condition-coverage="0% (0/2)"><conditions><condition number="0" type="jump" coverage="0%"/></conditions></line><line number="351" hits="0" branch="false"/><line number="352" hits="0" branch="false"/><line number="356" hits="0" branch="true" condition-coverage="0% (0/2)"><conditions><condition number="0" type="jump" coverage="0%"/></conditions></line><line number="358" hits="0" branch="false"/><line number="360" hits="0" branch="true" condition-coverage="0% (0/2)"><conditions><condition number="0" type="jump" coverage="0%"/></conditions></line><line number="362" hits="0" branch="false"/><line number="364" hits="0" branch="true" condition-coverage="0% (0/2)"><conditions><condition number="0" type="jump" coverage="0%"/></conditions></line><line number="366" hits="0" branch="false"/><line number="370" hits="0" branch="false"/><line number="372" hits="0" branch="false"/><line number="375" hits="0" branch="false"/><line number="384" hits="0" branch="true" condition-coverage="0% (0/2)"><conditions><condition number="0" type="jump" coverage="0%"/></conditions></line><line number="386" hits="0" branch="false"/><line number="388" hits="0" branch="true" condition-coverage="0% (0/2)"><conditions><condition number="0" type="jump" coverage="0%"/></conditions></line><line number="389" hits="0" branch="true" condition-coverage="0% (0/2)"><conditions><condition number="0" type="jump" coverage="0%"/></conditions></line><line number="391" hits="0" branch="false"/><line number="393" hits="0" branch="true" condition-coverage="0% (0/2)"><conditions><condition number="0" type="jump" coverage="0%"/></conditions></line><line number="395" hits="0" branch="false"/><line number="397" hits="0" branch="true" condition-coverage="0% (0/2)"><conditions><condition number="0" type="jump" coverage="0%"/></conditions></line><line number="398" hits="0" branch="true" condition-coverage="0% (0/2)"><conditions><condition number="0" type="jump" coverage="0%"/></conditions></line><line number="400" hits="0" branch="false"/><line number="409" hits="0" branch="false"/><line number="410" hits="0" branch="false"/><line number="411" hits="0" branch="false"/><line number="413" hits="0" branch="true" condition-coverage="0% (0/2)"><conditions><condition number="0" type="jump" coverage="0%"/></conditions></line><line number="415" hits="0" branch="false"/><line number="419" hits="0" branch="false"/><line number="423" hits="0" branch="true" condition-coverage="0% (0/4)"><conditions><condition number="0" type="jump" coverage="0%"/></conditions></line><line number="424" hits="0" branch="false"/><line number="427" hits="0" branch="false"/><line number="429" hits="0" branch="true" condition-coverage="0% (0/2)"><conditions><condition number="0" type="jump" coverage="0%"/></conditions></line><line number="431" hits="0" branch="false"/><line number="432" hits="0" branch="false"/><line number="436" hits="0" branch="true" condition-coverage="0% (0/4)"><conditions><condition number="0" type="jump" coverage="0%"/></conditions></line><line number="437" hits="0" branch="false"/><line number="440" hits="0" branch="true" condition-coverage="0% (0/4)"><conditions><condition number="0" type="jump" coverage="0%"/></conditions></line><line number="442" hits="0" branch="false"/><line number="443" hits="0" branch="false"/><line number="447" hits="0" branch="false"/><line number="448" hits="0" branch="true" condition-coverage="0% (0/4)"><conditions><condition number="0" type="jump" coverage="0%"/></conditions></line><line number="450" hits="0" branch="false"/><line number="451" hits="0" branch="false"/><line number="455" hits="0" branch="true" condition-coverage="0% (0/2)"><conditions><condition number="0" type="jump" coverage="0%"/></conditions></line><line number="457" hits="0" branch="true" condition-coverage="0% (0/2)"><conditions><condition number="0" type="jump" coverage="0%"/></conditions></line><line number="459" hits="0" branch="false"/><line number="461" hits="0" branch="false"/><line number="465" hits="0" branch="true" condition-coverage="0% (0/2)"><conditions><condition number="0" type="jump" coverage="0%"/></conditions></line><line number="467" hits="0" branch="false"/><line number="469" hits="0" branch="true" condition-coverage="0% (0/2)"><conditions><condition number="0" type="jump" coverage="0%"/></conditions></line><line number="471" hits="0" branch="false"/><line number="472" hits="0" branch="false"/><line number="476" hits="0" branch="false"/><line number="479" hits="0" branch="false"/><line number="480" hits="0" branch="true" condition-coverage="0% (0/4)"><conditions><condition number="0" type="jump" coverage="0%"/></conditions></line><line number="482" hits="0" branch="false"/><line number="483" hits="0" branch="false"/><line number="485" hits="0" branch="true" condition-coverage="0% (0/2)"><conditions><condition number="0" type="jump" coverage="0%"/></conditions></line><line number="487" hits="0" branch="false"/><line number="491" hits="0" branch="false"/><line number="495" hits="10" branch="false"/><line number="526" hits="10" branch="false"/><line number="527" hits="10" branch="false"/><line number="528" hits="10" branch="false"/><line number="529" hits="10" branch="false"/><line number="530" hits="10" branch="false"/><line number="531" hits="10" branch="false"/><line number="535" hits="10" branch="false"/><line number="538" hits="0" branch="false"/><line number="540" hits="0" branch="false"/><line number="541" hits="0" branch="false"/><line number="542" hits="0" branch="false"/><line number="543" hits="0" branch="false"/><line number="546" hits="10" branch="false"/><line number="548" hits="10" branch="true" condition-coverage="50% (1/2)"><conditions><condition number="0" type="jump" coverage="50%"/></conditions></line><line number="550" hits="0" branch="false"/><line number="552" hits="10" branch="true" condition-coverage="50% (1/2)"><conditions><condition number="0" type="jump" coverage="50%"/></conditions></line><line number="554" hits="10" branch="false"/><line number="555" hits="10" branch="false"/><line number="559" hits="0" branch="false"/><line number="562" hits="10" branch="false"/><line number="563" hits="10" branch="false"/><line number="565" hits="10" branch="false"/><line number="566" hits="10" branch="false"/><line number="567" hits="10" branch="false"/><line number="570" hits="0" branch="false"/><line number="577" hits="0" branch="true" condition-coverage="0% (0/2)"><conditions><condition number="0" type="jump" coverage="0%"/></conditions></line><line number="579" hits="0" branch="false"/><line number="580" hits="0" branch="false"/><line number="581" hits="0" branch="false"/><line number="582" hits="0" branch="true" condition-coverage="0% (0/2)"><conditions><condition number="0" type="jump" coverage="0%"/></conditions></line><line number="584" hits="0" branch="false"/><line number="585" hits="0" branch="false"/><line number="589" hits="0" branch="true" condition-coverage="0% (0/2)"><conditions><condition number="0" type="jump" coverage="0%"/></conditions></line><line number="591" hits="0" branch="false"/><line number="592" hits="0" branch="false"/><line number="594" hits="0" branch="false"/><line number="597" hits="0" branch="false"/><line number="599" hits="0" branch="false"/><line number="600" hits="0" branch="true" condition-coverage="0% (0/2)"><conditions><condition number="0" type="jump" coverage="0%"/></conditions></line><line number="602" hits="0" branch="false"/><line number="603" hits="0" branch="false"/><line number="604" hits="0" branch="false"/><line number="608" hits="0" branch="false"/><line number="610" hits="0" branch="false"/><line number="611" hits="0" branch="true" condition-coverage="0% (0/2)"><conditions><condition number="0" type="jump" coverage="0%"/></conditions></line><line number="613" hits="0" branch="false"/><line number="614" hits="0" branch="false"/><line number="615" hits="0" branch="false"/><line number="619" hits="0" branch="false"/><line number="621" hits="0" branch="false"/><line number="624" hits="0" branch="false"/><line number="628" hits="0" branch="false"/><line number="629" hits="0" branch="true" condition-coverage="0% (0/2)"><conditions><condition number="0" type="jump" coverage="0%"/></conditions></line><line number="631" hits="0" branch="false"/><line number="632" hits="0" branch="false"/><line number="633" hits="0" branch="false"/><line number="637" hits="0" branch="false"/><line number="639" hits="0" branch="false"/><line number="640" hits="0" branch="true" condition-coverage="0% (0/2)"><conditions><condition number="0" type="jump" coverage="0%"/></conditions></line><line number="642" hits="0" branch="false"/><line number="643" hits="0" branch="false"/><line number="644" hits="0" branch="false"/><line number="648" hits="0" branch="false"/><line number="650" hits="0" branch="false"/><line number="657" hits="0" branch="false"/><line number="663" hits="0" branch="true" condition-coverage="0% (0/2)"><conditions><condition number="0" type="jump" coverage="0%"/></conditions></line><line number="666" hits="0" branch="true" condition-coverage="0% (0/2)"><conditions><condition number="0" type="jump" coverage="0%"/></conditions></line><line number="668" hits="0" branch="false"/><line number="669" hits="0" branch="false"/><line number="670" hits="0" branch="false"/><line number="671" hits="0" branch="false"/><line number="675" hits="0" branch="true" condition-coverage="0% (0/2)"><conditions><condition number="0" type="jump" coverage="0%"/></conditions></line><line number="677" hits="0" branch="false"/><line number="678" hits="0" branch="false"/><line number="679" hits="0" branch="false"/><line number="680" hits="0" branch="false"/><line number="683" hits="0" branch="false"/><line number="691" hits="0" branch="false"/><line number="697" hits="0" branch="true" condition-coverage="0% (0/4)"><conditions><condition number="0" type="jump" coverage="0%"/></conditions></line><line number="699" hits="0" branch="true" condition-coverage="0% (0/2)"><conditions><condition number="0" type="jump" coverage="0%"/></conditions></line><line number="701" hits="0" branch="false"/><line number="702" hits="0" branch="false"/><line number="703" hits="0" branch="false"/><line number="704" hits="0" branch="false"/><line number="705" hits="0" branch="false"/><line number="706" hits="0" branch="false"/><line number="707" hits="0" branch="false"/><line number="709" hits="0" branch="false"/><line number="712" hits="12" branch="false"/><line number="718" hits="12" branch="true" condition-coverage="50% (2/4)"><conditions><condition number="0" type="jump" coverage="50%"/></conditions></line><line number="720" hits="12" branch="true" condition-coverage="50% (1/2)"><conditions><condition number="0" type="jump" coverage="50%"/></conditions></line><line number="722" hits="0" branch="false"/><line number="723" hits="0" branch="false"/><line number="724" hits="0" branch="false"/><line number="725" hits="0" branch="false"/><line number="726" hits="0" branch="false"/><line number="727" hits="0" branch="false"/><line number="728" hits="0" branch="false"/><line number="730" hits="12" branch="false"/><line number="733" hits="0" branch="false"/><line number="740" hits="0" branch="false"/><line number="741" hits="0" branch="true" condition-coverage="0% (0/4)"><conditions><condition number="0" type="jump" coverage="0%"/></conditions></line><line number="743" hits="0" branch="true" condition-coverage="0% (0/4)"><conditions><condition number="0" type="jump" coverage="0%"/></conditions></line><line number="744" hits="0" branch="true" condition-coverage="0% (0/2)"><conditions><condition number="0" type="jump" coverage="0%"/></conditions></line><line number="746" hits="0" branch="true" condition-c
[...]
thod></methods><lines><line number="11" hits="1" branch="false"/><line number="13" hits="1" branch="true" condition-coverage="50% (1/2)"><conditions><condition number="0" type="jump" coverage="50%"/></conditions></line><line number="14" hits="1" branch="true" condition-coverage="50% (1/2)"><conditions><condition number="0" type="jump" coverage="50%"/></conditions></line><line number="15" hits="1" branch="true" condition-coverage="50% (1/2)"><conditions><condition number="0" type="jump" coverage="50%"/></conditions></line><line number="16" hits="1" branch="false"/><line number="18" hits="1" branch="false"/><line number="19" hits="1" branch="false"/><line number="20" hits="1" branch="false"/><line number="21" hits="1" branch="false"/><line number="22" hits="1" branch="false"/><line number="23" hits="1" branch="false"/><line number="24" hits="1" branch="false"/><line number="25" hits="1" branch="false"/><line number="26" hits="1" branch="true" condition-coverage="50% (1/2)"><conditions><condition number="0" type="jump" coverage="50%"/></conditions></line><line number="28" hits="1" branch="false"/><line number="29" hits="1" branch="false"/><line number="30" hits="1" branch="false"/><line number="31" hits="1" branch="true" condition-coverage="50% (1/2)"><conditions><condition number="0" type="jump" coverage="50%"/></conditions></line><line number="32" hits="1" branch="false"/><line number="34" hits="1" branch="false"/><line number="35" hits="1" branch="false"/><line number="36" hits="1" branch="false"/><line number="37" hits="1" branch="false"/><line number="38" hits="1" branch="false"/><line number="39" hits="1" branch="false"/><line number="41" hits="1" branch="false"/><line number="43" hits="1" branch="false"/><line number="45" hits="1" branch="false"/><line number="46" hits="1" branch="false"/><line number="47" hits="1" branch="false"/><line number="48" hits="1" branch="true" condition-coverage="50% (1/2)"><conditions><condition number="0" type="jump" coverage="50%"/></conditions></line><line number="49" hits="1" branch="false"/><line number="51" hits="3" branch="false"/><line number="52" hits="3" branch="false"/><line number="54" hits="1" branch="false"/><line number="55" hits="1" branch="false"/><line number="56" hits="1" branch="false"/><line number="57" hits="1" branch="false"/><line number="58" hits="1" branch="false"/><line number="59" hits="1" branch="false"/><line number="60" hits="1" branch="false"/></lines></class></classes></package><package name="test.test_modbus_helpers" line-rate="1.0" branch-rate="0.5" complexity="0.0"><classes><class name="test_modbus_helpers_cpp" filename="test/test_modbus_helpers/test_modbus_helpers.cpp" line-rate="1.0" branch-rate="0.5" complexity="0.0"><methods><method name="setUp" signature="" line-rate="1.0" branch-rate="1.0" complexity="0.0"><lines><line number="11" hits="2" branch="false"/></lines></method><method name="tearDown" signature="" line-rate="1.0" branch-rate="1.0" complexity="0.0"><lines><line number="12" hits="2" branch="false"/></lines></method><method name="test_crc_with_appended_bytes_should_verify_zero_residual" signature="()" line-rate="1.0" branch-rate="0.5" complexity="0.0"><lines><line number="14" hits="1" branch="false"/><line number="16" hits="1" branch="false"/><line number="17" hits="1" branch="false"/><line number="20" hits="1" branch="false"/><line number="21" hits="1" branch="true" condition-coverage="50% (1/2)"><conditions><condition number="0" type="jump" coverage="50%"/></conditions></line><line number="22" hits="1" branch="true" condition-coverage="50% (1/2)"><conditions><condition number="0" type="jump" coverage="50%"/></conditions></line><line number="23" hits="1" branch="true" condition-coverage="50% (1/2)"><conditions><condition number="0" type="jump" coverage="50%"/></conditions></line><line number="24" hits="1" branch="false"/><line number="27" hits="1" branch="true" condition-coverage="50% (1/2)"><conditions><condition number="0" type="jump" coverage="50%"/></conditions></line><line number="28" hits="1" branch="false"/></lines></method><method name="test_format_hex_basic" signature="()" line-rate="1.0" branch-rate="0.5" complexity="0.0"><lines><line number="30" hits="1" branch="false"/><line number="32" hits="1" branch="false"/><line number="35" hits="1" branch="true" condition-coverage="50% (1/2)"><conditions><condition number="0" type="jump" coverage="50%"/></conditions></line><line number="38" hits="1" branch="true" condition-coverage="50% (1/2)"><conditions><condition number="0" type="jump" coverage="50%"/></conditions></line><line number="39" hits="1" branch="false"/></lines></method><method name="main" signature="" line-rate="1.0" branch-rate="1.0" complexity="0.0"><lines><line number="56" hits="1" branch="false"/><line number="57" hits="1" branch="false"/><line number="58" hits="1" branch="false"/><line number="59" hits="1" branch="false"/><line number="60" hits="1" branch="false"/></lines></method></methods><lines><line number="11" hits="2" branch="false"/><line number="12" hits="2" branch="false"/><line number="14" hits="1" branch="false"/><line number="16" hits="1" branch="false"/><line number="17" hits="1" branch="false"/><line number="20" hits="1" branch="false"/><line number="21" hits="1" branch="true" condition-coverage="50% (1/2)"><conditions><condition number="0" type="jump" coverage="50%"/></conditions></line><line number="22" hits="1" branch="true" condition-coverage="50% (1/2)"><conditions><condition number="0" type="jump" coverage="50%"/></conditions></line><line number="23" hits="1" branch="true" condition-coverage="50% (1/2)"><conditions><condition number="0" type="jump" coverage="50%"/></conditions></line><line number="24" hits="1" branch="false"/><line number="27" hits="1" branch="true" condition-coverage="50% (1/2)"><conditions><condition number="0" type="jump" coverage="50%"/></conditions></line><line number="28" hits="1" branch="false"/><line number="30" hits="1" branch="false"/><line number="32" hits="1" branch="false"/><line number="35" hits="1" branch="true" condition-coverage="50% (1/2)"><conditions><condition number="0" type="jump" coverage="50%"/></conditions></line><line number="38" hits="1" branch="true" condition-coverage="50% (1/2)"><conditions><condition number="0" type="jump" coverage="50%"/></conditions></line><line number="39" hits="1" branch="false"/><line number="56" hits="1" branch="false"/><line number="57" hits="1" branch="false"/><line number="58" hits="1" branch="false"/><line number="59" hits="1" branch="false"/><line number="60" hits="1" branch="false"/></lines></class></classes></package><package name="test.test_modbus_rtufunc" line-rate="1.0" branch-rate="0.5" complexity="0.0"><classes><class name="test_modbus_rtufunc_cpp" filename="test/test_modbus_rtufunc/test_modbus_rtufunc.cpp" line-rate="1.0" branch-rate="0.5" complexity="0.0"><methods><method name="test_parse_simple_read_request" signature="()" line-rate="1.0" branch-rate="0.5" complexity="0.0"><lines><line number="8" hits="1" branch="false"/><line number="10" hits="1" branch="false"/><line number="11" hits="1" branch="false"/><line number="12" hits="1" branch="false"/><line number="13" hits="1" branch="true" condition-coverage="50% (1/2)"><conditions><condition number="0" type="jump" coverage="50%"/></conditions></line><line number="15" hits="1" branch="true" condition-coverage="50% (1/2)"><conditions><condition number="0" type="jump" coverage="50%"/></conditions></line><line number="16" hits="1" branch="false"/></lines></method><method name="test_determine_frame_length_response" signature="()" line-rate="1.0" branch-rate="0.5" complexity="0.0"><lines><line number="18" hits="1" branch="false"/><line number="20" hits="1" branch="false"/><line number="21" hits="1" branch="false"/><line number="22" hits="1" branch="false"/><line number="23" hits="1" branch="false"/><line number="24" hits="1" branch="true" condition-coverage="50% (1/2)"><conditions><condition number="0" type="jump" coverage="50%"/></conditions></line><line number="25" hits="1" branch="true" condition-coverage="50% (1/2)"><conditions><condition number="0" type="jump" coverage="50%"/></conditions></line><line number="26" hits="1" branch="true" condition-coverage="50% (1/2)"><conditions><condition number="0" type="jump" coverage="50%"/></conditions></line><line number="27" hits="1" branch="false"/></lines></method><method name="setUp" signature="" line-rate="1.0" branch-rate="1.0" complexity="0.0"><lines><line number="29" hits="2" branch="false"/></lines></method><method name="tearDown" signature="" line-rate="1.0" branch-rate="1.0" complexity="0.0"><lines><line number="30" hits="2" branch="false"/></lines></method><method name="main" signature="" line-rate="1.0" branch-rate="1.0" complexity="0.0"><lines><line number="32" hits="1" branch="false"/><line number="33" hits="1" branch="false"/><line number="34" hits="1" branch="false"/><line number="35" hits="1" branch="false"/><line number="36" hits="1" branch="false"/><line number="37" hits="1" branch="false"/></lines></method></methods><lines><line number="8" hits="1" branch="false"/><line number="10" hits="1" branch="false"/><line number="11" hits="1" branch="false"/><line number="12" hits="1" branch="false"/><line number="13" hits="1" branch="true" condition-coverage="50% (1/2)"><conditions><condition number="0" type="jump" coverage="50%"/></conditions></line><line number="15" hits="1" branch="true" condition-coverage="50% (1/2)"><conditions><condition number="0" type="jump" coverage="50%"/></conditions></line><line number="16" hits="1" branch="false"/><line number="18" hits="1" branch="false"/><line number="20" hits="1" branch="false"/><line number="21" hits="1" branch="false"/><line number="22" hits="1" branch="false"/><line number="23" hits="1" branch="false"/><line number="24" hits="1" branch="true" condition-coverage="50% (1/2)"><conditions><condition number="0" type="jump" coverage="50%"/></conditions></line><line number="25" hits="1" branch="true" condition-coverage="50% (1/2)"><conditions><condition number="0" type="jump" coverage="50%"/></conditions></line><line number="26" hits="1" branch="true" condition-coverage="50% (1/2)"><conditions><condition number="0" type="jump" coverage="50%"/></conditions></line><line number="27" hits="1" branch="false"/><line number="29" hits="2" branch="false"/><line number="30" hits="2" branch="false"/><line number="32" hits="1" branch="false"/><line number="33" hits="1" branch="false"/><line number="34" hits="1" branch="false"/><line number="35" hits="1" branch="false"/><line number="36" hits="1" branch="false"/><line number="37" hits="1" branch="false"/></lines></class></classes></package><package name="test.test_modbus_rtufunc_more" line-rate="1.0" branch-rate="0.5" complexity="0.0"><classes><class name="test_modbus_rtufunc_more_cpp" filename="test/test_modbus_rtufunc_more/test_modbus_rtufunc_more.cpp" line-rate="1.0" branch-rate="0.5" complexity="0.0"><methods><method name="test_modbusframe_getters" signature="()" line-rate="1.0" branch-rate="0.5" complexity="0.0"><lines><line number="7" hits="1" branch="false"/><line number="8" hits="1" branch="false"/><line number="9" hits="1" branch="false"/><line number="10" hits="1" branch="true" condition-coverage="50% (1/2)"><conditions><condition number="0" type="jump" coverage="50%"/></conditions></line><line number="11" hits="1" branch="true" condition-coverage="50% (1/2)"><conditions><condition number="0" type="jump" coverage="50%"/></conditions></line><line number="12" hits="1" branch="true" condition-coverage="50% (1/2)"><conditions><condition number="0" type="jump" coverage="50%"/></conditions></line><line number="13" hits="1" branch="true" condition-coverage="50% (1/2)"><conditions><condition number="0" type="jump" coverage="50%"/></conditions></line><line number="16" hits="1" branch="false"/><line number="17" hits="1" branch="false"/><line number="18" hits="1" branch="false"/><line number="19" hits="1" branch="true" condition-coverage="50% (1/2)"><conditions><condition number="0" type="jump" coverage="50%"/></conditions></line><line number="22" hits="1" branch="false"/><line number="23" hits="1" branch="false"/><line number="24" hits="1" branch="false"/><line number="25" hits="1" branch="true" condition-coverage="50% (1/2)"><conditions><condition number="0" type="jump" coverage="50%"/></conditions></line><line number="26" hits="1" branch="false"/></lines></method><method name="test_determine_frame_length_request" signature="()" line-rate="1.0" branch-rate="0.5" complexity="0.0"><lines><line number="28" hits="1" branch="false"/><line number="30" hits="1" branch="false"/><line number="31" hits="1" branch="false"/><line number="32" hits="1" branch="false"/><line number="33" hits="1" branch="false"/><line number="35" hits="1" branch="false"/><line number="36" hits="1" branch="false"/><line number="37" hits="1" branch="false"/><line number="38" hits="1" branch="true" condition-coverage="50% (1/2)"><conditions><condition number="0" type="jump" coverage="50%"/></conditions></line><line number="39" hits="1" branch="true" condition-coverage="50% (1/2)"><conditions><condition number="0" type="jump" coverage="50%"/></conditions></line><line number="40" hits="1" branch="true" condition-coverage="50% (1/2)"><conditions><condition number="0" type="jump" coverage="50%"/></conditions></line><line number="41" hits="1" branch="false"/></lines></method><method name="test_update_register_map_holding" signature="()" line-rate="1.0" branch-rate="0.5" complexity="0.0"><lines><line number="43" hits="1" branch="false"/><line number="45" hits="1" branch="false"/><line number="46" hits="1" branch="false"/><line number="47" hits="1" branch="false"/><line number="50" hits="1" branch="false"/><line number="51" hits="1" branch="false"/><line number="52" hits="1" branch="false"/><line number="54" hits="1" branch="false"/><line number="55" hits="1" branch="false"/><line number="57" hits="1" branch="false"/><line number="58" hits="1" branch="false"/><line number="60" hits="1" branch="false"/><line number="61" hits="1" branch="false"/><line number="62" hits="1" branch="false"/><line number="63" hits="1" branch="false"/><line number="64" hits="1" branch="false"/><line number="66" hits="1" branch="true" condition-coverage="50% (1/2)"><conditions><condition number="0" type="jump" coverage="50%"/></conditions></line><line number="69" hits="1" branch="true" condition-coverage="50% (2/4)"><conditions><condition number="0" type="jump" coverage="50%"/></conditions></line><line number="70" hits="1" branch="true" condition-coverage="50% (2/4)"><conditions><condition number="0" type="jump" coverage="50%"/></conditions></line><line number="71" hits="1" branch="true" condition-coverage="50% (1/2)"><conditions><condition number="0" type="jump" coverage="50%"/></conditions></line><line number="72" hits="1" branch="true" condition-coverage="50% (1/2)"><conditions><condition number="0" type="jump" coverage="50%"/></conditions></line><line number="73" hits="1" branch="false"/></lines></method><method name="setUp" signature="" line-rate="1.0" branch-rate="1.0" complexity="0.0"><lines><line number="75" hits="3" branch="false"/></lines></method><method name="tearDown" signature="" line-rate="1.0" branch-rate="1.0" complexity="0.0"><lines><line number="76" hits="3" branch="false"/></lines></method><method name="main" signature="" line-rate="1.0" branch-rate="1.0" complexity="0.0"><lines><line number="78" hits="1" branch="false"/><line number="79" hits="1" branch="false"/><line number="80" hits="1" branch="false"/><line number="81" hits="1" branch="false"/><line number="82" hits="1" branch="false"/><line number="83" hits="1" branch="false"/><line number="84" hits="1" branch="false"/></lines></method></methods><lines><line number="7" hits="1" branch="false"/><line number="8" hits="1" branch="false"/><line number="9" hits="1" branch="false"/><line number="10" hits="1" branch="true" condition-coverage="50% (1/2)"><conditions><condition number="0" type="jump" coverage="50%"/></conditions></line><line number="11" hits="1" branch="true" condition-coverage="50% (1/2)"><conditions><condition number="0" type="jump" coverage="50%"/></conditions></line><line number="12" hits="1" branch="true" condition-coverage="50% (1/2)"><conditions><condition number="0" type="jump" coverage="50%"/></conditions></line><line number="13" hits="1" branch="true" condition-coverage="50% (1/2)"><conditions><condition number="0" type="jump" coverage="50%"/></conditions></line><line number="16" hits="1" branch="false"/><line number="17" hits="1" branch="false"/><line number="18" hits="1" branch="false"/><line number="19" hits="1" branch="true" condition-coverage="50% (1/2)"><conditions><condition number="0" type="jump" coverage="50%"/></conditions></line><line number="22" hits="1" branch="false"/><line number="23" hits="1" branch="false"/><line number="24" hits="1" branch="false"/><line number="25" hits="1" branch="true" condition-coverage="50% (1/2)"><conditions><condition number="0" type="jump" coverage="50%"/></conditions></line><line number="26" hits="1" branch="false"/><line number="28" hits="1" branch="false"/><line number="30" hits="1" branch="false"/><line number="31" hits="1" branch="false"/><line number="32" hits="1" branch="false"/><line number="33" hits="1" branch="false"/><line number="35" hits="1" branch="false"/><line number="36" hits="1" branch="false"/><line number="37" hits="1" branch="false"/><line number="38" hits="1" branch="true" condition-coverage="50% (1/2)"><conditions><condition number="0" type="jump" coverage="50%"/></conditions></line><line number="39" hits="1" branch="true" condition-coverage="50% (1/2)"><conditions><condition number="0" type="jump" coverage="50%"/></conditions></line><line number="40" hits="1" branch="true" condition-coverage="50% (1/2)"><conditions><condition number="0" type="jump" coverage="50%"/></conditions></line><line number="41" hits="1" branch="false"/><line number="43" hits="1" branch="false"/><line number="45" hits="1" branch="false"/><line number="46" hits="1" branch="false"/><line number="47" hits="1" branch="false"/><line number="50" hits="1" branch="false"/><line number="51" hits="1" branch="false"/><line number="52" hits="1" branch="false"/><line number="54" hits="1" branch="false"/><line number="55" hits="1" branch="false"/><line number="57" hits="1" branch="false"/><line number="58" hits="1" branch="false"/><line number="60" hits="1" branch="false"/><line number="61" hits="1" branch="false"/><line number="62" hits="1" branch="false"/><line number="63" hits="1" branch="false"/><line number="64" hits="1" branch="false"/><line number="66" hits="1" branch="true" condition-coverage="50% (1/2)"><conditions><condition number="0" type="jump" coverage="50%"/></conditions></line><line number="69" hits="1" branch="true" condition-coverage="50% (2/4)"><conditions><condition number="0" type="jump" coverage="50%"/></conditions></line><line number="70" hits="1" branch="true" condition-coverage="50% (2/4)"><conditions><condition number="0" type="jump" coverage="50%"/></conditions></line><line number="71" hits="1" branch="true" condition-coverage="50% (1/2)"><conditions><condition number="0" type="jump" coverage="50%"/></conditions></line><line number="72" hits="1" branch="true" condition-coverage="50% (1/2)"><conditions><condition number="0" type="jump" coverage="50%"/></conditions></line><line number="73" hits="1" branch="false"/><line number="75" hits="3" branch="false"/><line number="76" hits="3" branch="false"/><line number="78" hits="1" branch="false"/><line number="79" hits="1" branch="false"/><line number="80" hits="1" branch="false"/><line number="81" hits="1" branch="false"/><line number="82" hits="1" branch="false"/><line number="83" hits="1" branch="false"/><line number="84" hits="1" branch="false"/></lines></class></classes></package></packages></coverage>